Arguments: 
  C:\Program Files\nodejs\node.exe C:\Users\White_hacker_Bang\AppData\Roaming\npm\node_modules\yarn\bin\yarn.js init

PATH: 
  C:\cmder\vendor\conemu-maximus5\ConEmu\Scripts;C:\cmder\vendor\conemu-maximus5;C:\cmder\vendor\conemu-maximus5\ConEmu;C:\Python311\Scripts\;C:\Python311\;C:\Ruby31-x64\bin;C:\app\White_hacker_Bang\product\18.0.0\dbhomeXE\bin;C:\Windows\system32;C:\Windows;C:\Windows\System32\Wbem;C:\Windows\System32\WindowsPowerShell\v1.0\;C:\Windows\System32\OpenSSH\;C:\Program Files\dotnet\;C:\Program Files\Git\cmd;C:\Users\White_hacker_Bang\AppData\Roaming\nvm;C:\Program Files\nodejs;C:\Program Files\nodejs\;C:\ProgramData\chocolatey\bin;C:\Program Files\MySQL\MySQL Shell 8.0\bin\;C:\Users\White_hacker_Bang\AppData\Local\Programs\Python\Python39\Scripts\;C:\Users\White_hacker_Bang\AppData\Local\Programs\Python\Python39\;C:\Users\White_hacker_Bang\AppData\Local\Microsoft\WindowsApps;C:\Users\White_hacker_Bang\AppData\Local\Programs\Microsoft VS Code\bin;C:\Users\White_hacker_Bang\AppData\Local\GitHubDesktop\bin;C:\Users\White_hacker_Bang\AppData\Local\Programs\Microsoft VS Code\bin;C:\Users\White_hacker_Bang\AppData\Roaming\nvm;C:\Program Files\nodejs;C:\Users\White_hacker_Bang\AppData\Roaming\npm;C:\Program Files\MySQL\MySQL Server 8.0\bin;C:\Program Files\Git\mingw64\bin;C:\Program Files\Git\usr\bin;C:\cmder\vendor\bin;C:\cmder

Yarn version: 
  1.22.19

Node version: 
  18.14.0

Platform: 
  win32 x64

Trace: 
  Error: canceled
      at Interface.<anonymous> (C:\Users\White_hacker_Bang\AppData\Roaming\npm\node_modules\yarn\lib\cli.js:137150:13)
      at Interface.emit (node:events:513:28)
      at [_ttyWrite] [as _ttyWrite] (node:internal/readline/interface:1130:18)
      at ReadStream.onkeypress (node:internal/readline/interface:270:20)
      at ReadStream.emit (node:events:513:28)
      at emitKeys (node:internal/readline/utils:357:14)
      at emitKeys.next (<anonymous>)
      at ReadStream.onData (node:internal/readline/emitKeypressEvents:64:36)
      at ReadStream.emit (node:events:513:28)
      at addChunk (node:internal/streams/readable:324:12)

npm manifest: 
  No manifest

yarn manifest: 
  No manifest

Lockfile: 
  No lockfile
